<?xml version="1.0" encoding="UTF-8"?>
<!-- Generated by org.testng.reporters.JUnitReportReporter -->
<testsuite skipped="0" hostname="DESKTOP-Q4STA4E" name="com.Tripadvisor.Tests.Assignment" tests="1" failures="0" timestamp="10 Jan 2020 12:08:09 GMT" time="102.335" errors="0">
  <testcase name="TestMethod" time="102.335" classname="com.Tripadvisor.Tests.Assignment"/>
</testsuite> <!-- com.Tripadvisor.Tests.Assignment -->
